2023-10-30 12:13:33,232 [Worker-4: Loading available Gradle versions] INFO  o.e.b.c.i.u.g.PublishedGradleVersions - Gradle version information cache is up-to-date. Trying to read.
2023-10-30 12:14:02,688 [Worker-2: Importing Maven projects] INFO  o.e.m.c.i.l.LifecycleMappingFactory - Using org.eclipse.m2e.jdt.JarLifecycleMapping lifecycle mapping for MavenProject: com.project1:learn-spring-framework:0.0.1-SNAPSHOT @ E:\Programming\Spring Boot\learn-spring-framework\pom.xml.
2023-10-30 12:14:04,548 [Worker-2: Importing Maven projects] INFO  o.e.m.j.i.AbstractJavaProjectConfigurator - Adding source folder /learn-spring-framework/src/main/java
2023-10-30 12:14:04,549 [Worker-2: Importing Maven projects] INFO  o.e.m.j.i.AbstractJavaProjectConfigurator - Adding resource folder /learn-spring-framework/src/main/resources
2023-10-30 12:14:04,557 [Worker-2: Importing Maven projects] INFO  o.e.m.j.i.AbstractJavaProjectConfigurator - Adding resource folder /learn-spring-framework/src/main/resources
2023-10-30 12:14:04,564 [Worker-2: Importing Maven projects] INFO  o.e.m.j.i.AbstractJavaProjectConfigurator - Adding source folder /learn-spring-framework/src/test/java
2023-10-30 12:14:04,565 [Worker-2: Importing Maven projects] INFO  o.e.m.j.i.AbstractJavaProjectConfigurator - Adding resource folder /learn-spring-framework/src/test/resources
2023-10-30 12:14:05,598 [Worker-2: Importing Maven projects] INFO  o.e.m.c.i.p.ProjectConfigurationManager - Imported and configured 1 project(s) in 6 sec
2023-10-30 12:14:05,813 [Worker-2: Updating Maven Project] INFO  o.e.m.c.i.p.ProjectConfigurationManager - Update started
2023-10-30 12:14:06,962 [Worker-2: Updating Maven Project] INFO  o.e.m.c.i.l.LifecycleMappingFactory - Using org.eclipse.m2e.jdt.JarLifecycleMapping lifecycle mapping for MavenProject: com.project1:learn-spring-framework:0.0.1-SNAPSHOT @ E:\Programming\Spring Boot\learn-spring-framework\pom.xml.
2023-10-30 12:14:08,126 [Worker-2: Updating Maven Project] INFO  o.e.m.j.i.AbstractJavaProjectConfigurator - Adding source folder /learn-spring-framework/src/main/java
2023-10-30 12:14:08,127 [Worker-2: Updating Maven Project] INFO  o.e.m.j.i.AbstractJavaProjectConfigurator - Adding resource folder /learn-spring-framework/src/main/resources
2023-10-30 12:14:08,127 [Worker-2: Updating Maven Project] INFO  o.e.m.j.i.AbstractJavaProjectConfigurator - Adding resource folder /learn-spring-framework/src/main/resources
2023-10-30 12:14:08,129 [Worker-2: Updating Maven Project] INFO  o.e.m.j.i.AbstractJavaProjectConfigurator - Adding source folder /learn-spring-framework/src/test/java
2023-10-30 12:14:08,129 [Worker-2: Updating Maven Project] INFO  o.e.m.j.i.AbstractJavaProjectConfigurator - Adding resource folder /learn-spring-framework/src/test/resources
2023-10-30 12:14:09,218 [Worker-2: Updating Maven Project] INFO  o.e.m.c.i.p.ProjectConfigurationManager - Update completed for 1 poms: local refresh takes 0.00 sec, refresh facades takes 2.00 sec, update config takes 0.00 sec 
2023-10-30 12:14:10,047 [Worker-10: Building] INFO  o.a.m.s.f.DefaultMavenResourcesFiltering - Copying 1 resource from src\main\resources to target\classes
2023-10-30 12:14:10,078 [Worker-10: Building] INFO  o.a.m.s.f.DefaultMavenResourcesFiltering - Copying 0 resource from src\main\resources to target\classes
2023-10-30 12:14:10,088 [Worker-10: Building] INFO  o.a.m.s.f.DefaultMavenResourcesFiltering - skip non existing resourceDirectory E:\Programming\Spring Boot\learn-spring-framework\src\test\resources
2023-10-30 12:14:43,949 [Worker-4: Building] INFO  o.a.m.s.f.DefaultMavenResourcesFiltering - Copying 1 resource from src\main\resources to target\classes
2023-10-30 12:14:43,983 [Worker-4: Building] INFO  o.a.m.s.f.DefaultMavenResourcesFiltering - Copying 0 resource from src\main\resources to target\classes
2023-10-30 12:14:43,991 [Worker-4: Building] INFO  o.a.m.s.f.DefaultMavenResourcesFiltering - skip non existing resourceDirectory E:\Programming\Spring Boot\learn-spring-framework\src\test\resources
